c:\users\hp\desktop\pingpong_c\pingpong\pingpong\x64\debug\vc143.pdb
c:\users\hp\desktop\pingpong_c\pingpong\pingpong\x64\debug\vc143.idb
c:\users\hp\desktop\pingpong_c\pingpong\pingpong\x64\debug\pongobject.obj
c:\users\hp\desktop\pingpong_c\pingpong\pingpong\x64\debug\paddle.obj
c:\users\hp\desktop\pingpong_c\pingpong\pingpong\x64\debug\game.obj
c:\users\hp\desktop\pingpong_c\pingpong\pingpong\x64\debug\pingpong.pch
c:\users\hp\desktop\pingpong_c\pingpong\pingpong\x64\debug\pch.obj
c:\users\hp\desktop\pingpong_c\pingpong\pingpong\x64\debug\pingpong.obj
c:\users\hp\desktop\pingpong_c\pingpong\pingpong\x64\debug\bot.obj
c:\users\hp\desktop\pingpong_c\pingpong\pingpong\x64\debug\ball.obj
c:\users\hp\desktop\pingpong_c\pingpong\x64\debug\pingpong.exe
c:\users\hp\desktop\pingpong_c\pingpong\x64\debug\pingpong.pdb
c:\users\hp\desktop\pingpong_c\pingpong\pingpong\x64\debug\pingpong.ilk
c:\users\hp\desktop\pingpong_c\pingpong\pingpong\x64\debug\pingpong.tlog\cl.command.1.tlog
c:\users\hp\desktop\pingpong_c\pingpong\pingpong\x64\debug\pingpong.tlog\cl.items.tlog
c:\users\hp\desktop\pingpong_c\pingpong\pingpong\x64\debug\pingpong.tlog\cl.read.1.tlog
c:\users\hp\desktop\pingpong_c\pingpong\pingpong\x64\debug\pingpong.tlog\cl.write.1.tlog
c:\users\hp\desktop\pingpong_c\pingpong\pingpong\x64\debug\pingpong.tlog\link.command.1.tlog
c:\users\hp\desktop\pingpong_c\pingpong\pingpong\x64\debug\pingpong.tlog\link.read.1.tlog
c:\users\hp\desktop\pingpong_c\pingpong\pingpong\x64\debug\pingpong.tlog\link.secondary.1.tlog
c:\users\hp\desktop\pingpong_c\pingpong\pingpong\x64\debug\pingpong.tlog\link.write.1.tlog
